<?xml version="1.0" encoding="UTF-8"?>
<testsuite xmlns:xsi="http://www.w3.org/2001/XMLSchema-instance" xsi:noNamespaceSchemaLocation="https://maven.apache.org/surefire/maven-surefire-plugin/xsd/surefire-test-report-3.0.xsd" version="3.0" name="org.nsu.gogledoc.AppTest" time="0.158" tests="2" errors="0" skipped="0" failures="0">
  <properties>
[...]
</properties>
  <testcase name="shouldAnswerWithTrue" classname="org.nsu.gogledoc.AppTest" time="0.011"/>
  <testcase name="whenWakeUpCalledOnSelector_thenBlockedThreadReturns" classname="org.nsu.gogledoc.AppTest" time="0.025">
    <system-out><![CDATA[>> Start await
>> Count down
>> Start select
>> End await
>> Wakeup thread
]]></system-out>
  </testcase>
</testsuite>